#
# There is insufficient memory for the Java Runtime Environment to continue.
# Native memory allocation (malloc) failed to allocate 1461504 bytes for Chunk::new
# Possible reasons:
#   The system is out of physical RAM or swap space
#   In 32 bit mode, the process size limit was hit
# Possible solutions:
#   Reduce memory load on the system
#   Increase physical memory or swap space
#   Check if swap backing store is full
#   Use 64 bit Java on a 64 bit OS
#   Decrease Java heap size (-Xmx/-Xms)
#   Decrease number of Java threads
#   Decrease Java thread stack sizes (-Xss)
#   Set larger code cache with -XX:ReservedCodeCacheSize=
# This output file may be truncated or incomplete.
#
#  Out of Memory Error (allocation.cpp:390), pid=16944, tid=0x00000000000037b4
#
# JRE version: OpenJDK Runtime Environment (8.0_152-b01) (build 1.8.0_152-release-915-b01)
# Java VM: OpenJDK 64-Bit Server VM (25.152-b01 mixed mode windows-amd64 compressed oops)
# Failed to write core dump. Minidumps are not enabled by default on client versions of Windows
#

---------------  T H R E A D  ---------------

Current thread (0x0000000015a1b000):  JavaThread "C2 CompilerThread1" daemon [_thread_in_native, id=14260, stack(0x00000000180e0000,0x00000000181e0000)]

Stack: [0x00000000180e0000,0x00000000181e0000]
[error occurred during error reporting (printing stack bounds), id 0xc0000005]

Native frames: (J=compiled Java code, j=interpreted, Vv=VM code, C=native code)


Current CompileTask:
C2:15026362 25752       4       org.gradle.api.internal.artifacts.ivyservice.resolveengine.artifact.ResolvedArtifactsGraphVisitor::getArtifacts (189 bytes)


---------------  P R O C E S S  ---------------

Java Threads: ( => current thread )
  0x0000000018cb3000 JavaThread "pool-63-thread-1" [_thread_blocked, id=24444, stack(0x0000000033ea0000,0x0000000033fa0000)]
  0x0000000018cb9800 JavaThread "stdout" daemon [_thread_in_native, id=22700, stack(0x0000000033da0000,0x0000000033ea0000)]
  0x0000000018cb7800 JavaThread "stderr" daemon [_thread_in_native, id=22128, stack(0x0000000033ca0000,0x0000000033da0000)]
  0x0000000018cb6800 JavaThread "stdout" daemon [_thread_in_native, id=27292, stack(0x0000000033ba0000,0x0000000033ca0000)]
  0x0000000018cb2000 JavaThread "stderr" daemon [_thread_in_native, id=9020, stack(0x0000000033aa0000,0x0000000033ba0000)]
  0x0000000018cb6000 JavaThread "stdout" daemon [_thread_in_native, id=23480, stack(0x00000000339a0000,0x0000000033aa0000)]
  0x0000000018cb5000 JavaThread "stderr" daemon [_thread_in_native, id=23928, stack(0x00000000338a0000,0x00000000339a0000)]
  0x0000000018cb3800 JavaThread "stdout" daemon [_thread_in_native, id=27148, stack(0x00000000337a0000,0x00000000338a0000)]
  0x0000000018cb8000 JavaThread "stderr" daemon [_thread_in_native, id=6780, stack(0x00000000336a0000,0x00000000337a0000)]
  0x0000000018cb9000 JavaThread "stdout" daemon [_thread_in_native, id=26384, stack(0x00000000335a0000,0x00000000336a0000)]
  0x000000001de7b000 JavaThread "stderr" daemon [_thread_in_native, id=21380, stack(0x00000000334a0000,0x00000000335a0000)]
  0x000000001de79800 JavaThread "stdout" daemon [_thread_in_native, id=27544, stack(0x00000000333a0000,0x00000000334a0000)]
  0x000000001de71800 JavaThread "stderr" daemon [_thread_in_native, id=22280, stack(0x00000000332a0000,0x00000000333a0000)]
  0x000000001de78000 JavaThread "stdout" daemon [_thread_in_native, id=24312, stack(0x00000000331a0000,0x00000000332a0000)]
  0x000000001de76800 JavaThread "stderr" daemon [_thread_in_native, id=27204, stack(0x00000000330a0000,0x00000000331a0000)]
  0x000000001ab65000 JavaThread "stdout" daemon [_thread_in_native, id=21772, stack(0x0000000032fa0000,0x00000000330a0000)]
  0x000000001ab69000 JavaThread "stderr" daemon [_thread_in_native, id=25808, stack(0x0000000032ea0000,0x0000000032fa0000)]
  0x000000001ab64800 JavaThread "queued-resource-processor_296" daemon [_thread_blocked, id=14672, stack(0x0000000032da0000,0x0000000032ea0000)]
  0x000000001ab68000 JavaThread "queued-resource-processor_295" daemon [_thread_blocked, id=26420, stack(0x0000000032ca0000,0x0000000032da0000)]
  0x000000001ab67800 JavaThread "queued-resource-processor_294" daemon [_thread_blocked, id=21192, stack(0x0000000032ba0000,0x0000000032ca0000)]
  0x000000001cff6800 JavaThread "queued-resource-processor_293" daemon [_thread_blocked, id=26104, stack(0x0000000032aa0000,0x0000000032ba0000)]
  0x000000001cffb800 JavaThread "queued-resource-processor_292" daemon [_thread_blocked, id=1140, stack(0x00000000329a0000,0x0000000032aa0000)]
  0x000000001cff5000 JavaThread "queued-resource-processor_291" daemon [_thread_blocked, id=27368, stack(0x00000000328a0000,0x00000000329a0000)]
  0x000000001cff8800 JavaThread "queued-resource-processor_290" daemon [_thread_blocked, id=27476, stack(0x00000000327a0000,0x00000000328a0000)]
  0x000000001cff9800 JavaThread "queued-resource-processor_289" daemon [_thread_blocked, id=16260, stack(0x00000000326a0000,0x00000000327a0000)]
  0x000000001cff5800 JavaThread "Task worker for ':' Thread 7" [_thread_blocked, id=15268, stack(0x00000000325a0000,0x00000000326a0000)]
  0x0000000019c9a000 JavaThread "Task worker for ':' Thread 6" [_thread_blocked, id=15292, stack(0x00000000324a0000,0x00000000325a0000)]
  0x0000000019c98800 JavaThread "Task worker for ':' Thread 5" [_thread_blocked, id=13552, stack(0x00000000323a0000,0x00000000324a0000)]
  0x0000000019c9d800 JavaThread "Task worker for ':' Thread 4" [_thread_blocked, id=13796, stack(0x00000000322a0000,0x00000000323a0000)]
  0x0000000019c9d000 JavaThread "Task worker for ':' Thread 3" [_thread_in_native, id=19384, stack(0x00000000321a0000,0x00000000322a0000)]
  0x0000000019c99000 JavaThread "Task worker for ':' Thread 2" [_thread_blocked, id=27008, stack(0x00000000320a0000,0x00000000321a0000)]
  0x0000000019c9c000 JavaThread "Task worker for ':'" [_thread_blocked, id=15164, stack(0x0000000031fa0000,0x00000000320a0000)]
  0x0000000019c90000 JavaThread "Cache worker for task history cache (E:\AndroidProject\cainiao\Cainiao\.gradle\4.1\taskHistory)" [_thread_blocked, id=22828, stack(0x0000000031ea0000,0x0000000031fa0000)]
  0x0000000019c94000 JavaThread "Cache worker for file content cache (E:\AndroidProject\cainiao\Cainiao\.gradle\4.1\fileContent)" [_thread_blocked, id=26972, stack(0x0000000031da0000,0x0000000031ea0000)]
  0x0000000019c96000 JavaThread "build operations Thread 8" [_thread_blocked, id=24948, stack(0x0000000031ca0000,0x0000000031da0000)]
  0x0000000019c95800 JavaThread "build operations Thread 7" [_thread_blocked, id=3392, stack(0x0000000031ba0000,0x0000000031ca0000)]
  0x0000000019c91800 JavaThread "build operations Thread 6" [_thread_blocked, id=9672, stack(0x0000000031aa0000,0x0000000031ba0000)]
  0x0000000019c94800 JavaThread "build operations Thread 5" [_thread_blocked, id=27100, stack(0x00000000319a0000,0x0000000031aa0000)]
  0x0000000019c97000 JavaThread "build operations Thread 4" [_thread_blocked, id=25464, stack(0x00000000318a0000,0x00000000319a0000)]
  0x0000000019c93000 JavaThread "build operations Thread 3" [_thread_blocked, id=23828, stack(0x00000000317a0000,0x00000000318a0000)]
  0x0000000019c8f800 JavaThread "build operations Thread 2" [_thread_blocked, id=25048, stack(0x00000000316a0000,0x00000000317a0000)]
  0x0000000023346800 JavaThread "build operations" [_thread_blocked, id=21180, stack(0x00000000315a0000,0x00000000316a0000)]
  0x000000002333f000 JavaThread "Cache worker for Artifact transforms cache (C:\Users\LHT\.gradle\caches\transforms-1)" [_thread_blocked, id=27076, stack(0x00000000314a0000,0x00000000315a0000)]
  0x0000000023346000 JavaThread "Cache worker for file hash cache (E:\AndroidProject\cainiao\Cainiao\.gradle\4.1\fileHashes)" [_thread_blocked, id=2744, stack(0x00000000313a0000,0x00000000314a0000)]
  0x000000002333e800 JavaThread "Stdin handler" [_thread_blocked, id=7408, stack(0x00000000312a0000,0x00000000313a0000)]
  0x000000002333d800 JavaThread "Asynchronous log dispatcher for DefaultDaemonConnection: socket connection from /127.0.0.1:51281 to /127.0.0.1:60793" [_thread_blocked, id=22944, stack(0x00000000311a0000,0x00000000312a0000)]
  0x0000000023344800 JavaThread "Daemon worker Thread 15" [_thread_blocked, id=27272, stack(0x00000000310a0000,0x00000000311a0000)]
  0x000000002333d000 JavaThread "Cancel handler" [_thread_blocked, id=27156, stack(0x0000000030fa0000,0x00000000310a0000)]
  0x0000000023340800 JavaThread "Handler for socket connection from /127.0.0.1:51281 to /127.0.0.1:60793" [_thread_in_native, id=27416, stack(0x0000000030ea0000,0x0000000030fa0000)]
  0x0000000023342000 JavaThread "Daemon Thread 15" [_thread_blocked, id=24960, stack(0x0000000030da0000,0x0000000030ea0000)]
  0x0000000019c97800 JavaThread "Java2D Disposer" daemon [_thread_blocked, id=17652, stack(0x0000000029aa0000,0x0000000029ba0000)]
  0x000000001de6f000 JavaThread "Memory manager" [_thread_blocked, id=24080, stack(0x0000000020e10000,0x0000000020f10000)]
  0x0000000019a4a000 JavaThread "File lock request listener" [_thread_in_native, id=21564, stack(0x000000001be50000,0x000000001bf50000)]
  0x0000000019a87800 JavaThread "Cache worker for file hash cache (C:\Users\LHT\.gradle\caches\4.1\fileHashes)" [_thread_blocked, id=23768, stack(0x000000001bd50000,0x000000001be50000)]
  0x0000000019d0b000 JavaThread "Daemon periodic checks" [_thread_blocked, id=18792, stack(0x000000001b150000,0x000000001b250000)]
  0x0000000019d9f000 JavaThread "Incoming local TCP Connector on port 51281" [_thread_in_native, id=24048, stack(0x0000000019db0000,0x0000000019eb0000)]
  0x0000000017a01800 JavaThread "Service Thread" daemon [_thread_blocked, id=22272, stack(0x00000000183e0000,0x00000000184e0000)]
  0x0000000017982000 JavaThread "C1 CompilerThread3" daemon [_thread_blocked, id=17532, stack(0x00000000182e0000,0x00000000183e0000)]
  0x000000001797c800 JavaThread "C2 CompilerThread2" daemon [_thread_blocked, id=21736, stack(0x00000000181e0000,0x00000000182e0000)]
=>0x0000000015a1b000 JavaThread "C2 CompilerThread1" daemon [_thread_in_native, id=14260, stack(0x00000000180e0000,0x00000000181e0000)]
  0x000000001796f800 JavaThread "C2 CompilerThread0" daemon [_thread_in_native, id=17444, stack(0x0000000017fe0000,0x00000000180e0000)]
  0x000000001791d000 JavaThread "Attach Listener" daemon [_thread_blocked, id=24460, stack(0x0000000017ee0000,0x0000000017fe0000)]
  0x000000001791c000 JavaThread "Signal Dispatcher" daemon [_thread_blocked, id=11788, stack(0x0000000017de0000,0x0000000017ee0000)]
  0x0000000002ee9800 JavaThread "Finalizer" daemon [_thread_blocked, id=22524, stack(0x0000000017ce0000,0x0000000017de0000)]
  0x0000000002ee8000 JavaThread "Reference Handler" daemon [_thread_blocked, id=10412, stack(0x00000000177e0000,0x00000000178e0000)]
  0x00000000028be000 JavaThread "main" [_thread_blocked, id=17912, stack(0x0000000002cf0000,0x0000000002df0000)]

Other Threads:
  0x0000000015a05800 VMThread [stack: 0x00000000176e0000,0x00000000177e0000] [id=22120]
  0x0000000017a02000 WatcherThread [stack: 0x00000000184e0000,0x00000000185e0000] [id=17564]

VM state:not at safepoint (normal execution)

VM Mutex/Monitor currently owned by a thread: None

Heap:
 PSYoungGen      total 234496K, used 207859K [0x00000000eab00000, 0x00000000fb780000, 0x0000000100000000)
  eden space 209408K, 95% used [0x00000000eab00000,0x00000000f6ed55c8,0x00000000f7780000)
  from space 25088K, 29% used [0x00000000f9f00000,0x00000000fa627708,0x00000000fb780000)
  to   space 32768K, 0% used [0x00000000f7780000,0x00000000f7780000,0x00000000f9780000)
 ParOldGen       total 167424K, used 137783K [0x00000000c0000000, 0x00000000ca380000, 0x00000000eab00000)
  object space 167424K, 82% used [0x00000000c0000000,0x00000000c868dd80,0x00000000ca380000)
 Metaspace       used 87751K, capacity 96630K, committed 96916K, reserved 1132544K
  class space    used 11147K, capacity 13138K, committed 13244K, reserved 1048576K

Card table byte_map: [0x00000000122b0000,0x00000000124c0000] byte_map_base: 0x0000000011cb0000

Marking Bits: (ParMarkBitMap*) 0x00000000523a3950
 Begin Bits: [0x0000000012e20000, 0x0000000013e20000)
 End Bits:   [0x0000000013e20000, 0x0000000014e20000)

Polling page: 0x00000000007f0000

CodeCache: size=245760Kb used=72934Kb max_used=72950Kb free=172825Kb
 bounds [0x0000000002ef0000, 0x00000000076b0000, 0x0000000011ef0000]
 total_blobs=20659 nmethods=19701 adapters=870
 compilation: enabled

Compilation events (10 events):
Event: 15024.438 Thread 0x0000000017982000 nmethod 25881 0x000000000769ad90 code [0x000000000769af00, 0x000000000769b128]
Event: 15024.438 Thread 0x0000000017982000 25882       3       com.google.common.collect.LinkedListMultimap$DistinctKeyIterator::<init> (51 bytes)
Event: 15024.440 Thread 0x0000000017982000 nmethod 25882 0x0000000007699950 code [0x0000000007699b80, 0x000000000769a5e8]
Event: 15024.444 Thread 0x0000000017982000 25883       3       com.google.common.collect.Multimaps$AsMap$EntrySet::iterator (24 bytes)
Event: 15024.446 Thread 0x0000000017982000 nmethod 25883 0x000000000768f210 code [0x000000000768f3e0, 0x000000000768fb88]
Event: 15024.448 Thread 0x0000000017982000 25884       1       com.google.common.collect.LinkedListMultimap::size (5 bytes)
Event: 15024.449 Thread 0x0000000017982000 nmethod 25884 0x000000000767b350 code [0x000000000767b4a0, 0x000000000767b5b0]
Event: 15024.490 Thread 0x000000001797c800 nmethod 25879 0x000000000769e150 code [0x000000000769e3e0, 0x000000000769fb80]
Event: 15024.490 Thread 0x000000001797c800 25885       4       com.android.ide.common.blame.SourceFile::hashCode (38 bytes)
Event: 15024.495 Thread 0x000000001797c800 nmethod 25885 0x000000000769c490 code [0x000000000769c5e0, 0x000000000769c778]

GC Heap History (10 events):
Event: 13084.436 GC heap before
{Heap before GC invocations=39 (full 3):
 PSYoungGen      total 256512K, used 256398K [0x00000000eab00000, 0x00000000fe680000, 0x0000000100000000)
  eden space 247296K, 100% used [0x00000000eab00000,0x00000000f9c80000,0x00000000f9c80000)
  from space 9216K, 98% used [0x00000000fa500000,0x00000000fade3a80,0x00000000fae00000)
  to   space 37888K, 0% used [0x00000000fc180000,0x00000000fc180000,0x00000000fe680000)
 ParOldGen       total 167424K, used 137743K [0x00000000c0000000, 0x00000000ca380000, 0x00000000eab00000)
  object space 167424K, 82% used [0x00000000c0000000,0x00000000c8683d80,0x00000000ca380000)
 Metaspace       used 86744K, capacity 94692K, committed 94868K, reserved 1132544K
  class space    used 11018K, capacity 12723K, committed 12732K, reserved 1048576K
Event: 13084.500 GC heap after
Heap after GC invocations=39 (full 3):
 PSYoungGen      total 267776K, used 19268K [0x00000000eab00000, 0x00000000fdd80000, 0x0000000100000000)
  eden space 239104K, 0% used [0x00000000eab00000,0x00000000eab00000,0x00000000f9480000)
  from space 28672K, 67% used [0x00000000fc180000,0x00000000fd4513f8,0x00000000fdd80000)
  to   space 37376K, 0% used [0x00000000f9480000,0x00000000f9480000,0x00000000fb900000)
 ParOldGen       total 167424K, used 137751K [0x00000000c0000000, 0x00000000ca380000, 0x00000000eab00000)
  object space 167424K, 82% used [0x00000000c0000000,0x00000000c8685d80,0x00000000ca380000)
 Metaspace       used 86744K, capacity 94692K, committed 94868K, reserved 1132544K
  class space    used 11018K, capacity 12723K, committed 12732K, reserved 1048576K
}
Event: 13444.247 GC heap before
{Heap before GC invocations=40 (full 3):
 PSYoungGen      total 267776K, used 258372K [0x00000000eab00000, 0x00000000fdd80000, 0x0000000100000000)
  eden space 239104K, 100% used [0x00000000eab00000,0x00000000f9480000,0x00000000f9480000)
  from space 28672K, 67% used [0x00000000fc180000,0x00000000fd4513f8,0x00000000fdd80000)
  to   space 37376K, 0% used [0x00000000f9480000,0x00000000f9480000,0x00000000fb900000)
 ParOldGen       total 167424K, used 137751K [0x00000000c0000000, 0x00000000ca380000, 0x00000000eab00000)
  object space 167424K, 82% used [0x00000000c0000000,0x00000000c8685d80,0x00000000ca380000)
 Metaspace       used 87033K, capacity 95240K, committed 95508K, reserved 1132544K
  class space    used 11055K, capacity 12831K, committed 12860K, reserved 1048576K
Event: 13444.272 GC heap after
Heap after GC invocations=40 (full 3):
 PSYoungGen      total 244224K, used 12378K [0x00000000eab00000, 0x00000000fd300000, 0x0000000100000000)
  eden space 231424K, 0% used [0x00000000eab00000,0x00000000eab00000,0x00000000f8d00000)
  from space 12800K, 96% used [0x00000000f9480000,0x00000000fa096a88,0x00000000fa100000)
  to   space 35840K, 0% used [0x00000000fb000000,0x00000000fb000000,0x00000000fd300000)
 ParOldGen       total 167424K, used 137759K [0x00000000c0000000, 0x00000000ca380000, 0x00000000eab00000)
  object space 167424K, 82% used [0x00000000c0000000,0x00000000c8687d80,0x00000000ca380000)
 Metaspace       used 87033K, capacity 95240K, committed 95508K, reserved 1132544K
  class space    used 11055K, capacity 12831K, committed 12860K, reserved 1048576K
}
Event: 14429.265 GC heap before
{Heap before GC invocations=41 (full 3):
 PSYoungGen      total 244224K, used 243802K [0x00000000eab00000, 0x00000000fd300000, 0x0000000100000000)
  eden space 231424K, 100% used [0x00000000eab00000,0x00000000f8d00000,0x00000000f8d00000)
  from space 12800K, 96% used [0x00000000f9480000,0x00000000fa096a88,0x00000000fa100000)
  to   space 35840K, 0% used [0x00000000fb000000,0x00000000fb000000,0x00000000fd300000)
 ParOldGen       total 167424K, used 137759K [0x00000000c0000000, 0x00000000ca380000, 0x00000000eab00000)
  object space 167424K, 82% used [0x00000000c0000000,0x00000000c8687d80,0x00000000ca380000)
 Metaspace       used 87221K, capacity 95758K, committed 95892K, reserved 1132544K
  class space    used 11079K, capacity 12914K, committed 12988K, reserved 1048576K
Event: 14429.300 GC heap after
Heap after GC invocations=41 (full 3):
 PSYoungGen      total 248832K, used 11863K [0x00000000eab00000, 0x00000000fc880000, 0x0000000100000000)
  eden space 223744K, 0% used [0x00000000eab00000,0x00000000eab00000,0x00000000f8580000)
  from space 25088K, 47% used [0x00000000fb000000,0x00000000fbb95d60,0x00000000fc880000)
  to   space 34304K, 0% used [0x00000000f8580000,0x00000000f8580000,0x00000000fa700000)
 ParOldGen       total 167424K, used 137767K [0x00000000c0000000, 0x00000000ca380000, 0x00000000eab00000)
  object space 167424K, 82% used [0x00000000c0000000,0x00000000c8689d80,0x00000000ca380000)
 Metaspace       used 87221K, capacity 95758K, committed 95892K, reserved 1132544K
  class space    used 11079K, capacity 12914K, committed 12988K, reserved 1048576K
}
Event: 14477.465 GC heap before
{Heap before GC invocations=42 (full 3):
 PSYoungGen      total 248832K, used 235607K [0x00000000eab00000, 0x00000000fc880000, 0x0000000100000000)
  eden space 223744K, 100% used [0x00000000eab00000,0x00000000f8580000,0x00000000f8580000)
  from space 25088K, 47% used [0x00000000fb000000,0x00000000fbb95d60,0x00000000fc880000)
  to   space 34304K, 0% used [0x00000000f8580000,0x00000000f8580000,0x00000000fa700000)
 ParOldGen       total 167424K, used 137767K [0x00000000c0000000, 0x00000000ca380000, 0x00000000eab00000)
  object space 167424K, 82% used [0x00000000c0000000,0x00000000c8689d80,0x00000000ca380000)
 Metaspace       used 87379K, capacity 95998K, committed 96276K, reserved 1132544K
  class space    used 11101K, capacity 12994K, committed 13116K, reserved 1048576K
Event: 14477.478 GC heap after
Heap after GC invocations=42 (full 3):
 PSYoungGen      total 224256K, used 7565K [0x00000000eab00000, 0x00000000fbf80000, 0x0000000100000000)
  eden space 216576K, 0% used [0x00000000eab00000,0x00000000eab00000,0x00000000f7e80000)
  from space 7680K, 98% used [0x00000000f8580000,0x00000000f8ce3728,0x00000000f8d00000)
  to   space 33280K, 0% used [0x00000000f9f00000,0x00000000f9f00000,0x00000000fbf80000)
 ParOldGen       total 167424K, used 137775K [0x00000000c0000000, 0x00000000ca380000, 0x00000000eab00000)
  object space 167424K, 82% used [0x00000000c0000000,0x00000000c868bd80,0x00000000ca380000)
 Metaspace       used 87379K, capacity 95998K, committed 96276K, reserved 1132544K
  class space    used 11101K, capacity 12994K, committed 13116K, reserved 1048576K
}
Event: 14547.852 GC heap before
{Heap before GC invocations=43 (full 3):
 PSYoungGen      total 224256K, used 224141K [0x00000000eab00000, 0x00000000fbf80000, 0x0000000100000000)
  eden space 216576K, 100% used [0x00000000eab00000,0x00000000f7e80000,0x00000000f7e80000)
  from space 7680K, 98% used [0x00000000f8580000,0x00000000f8ce3728,0x00000000f8d00000)
  to   space 33280K, 0% used [0x00000000f9f00000,0x00000000f9f00000,0x00000000fbf80000)
 ParOldGen       total 167424K, used 137775K [0x00000000c0000000, 0x00000000ca380000, 0x00000000eab00000)
  object space 167424K, 82% used [0x00000000c0000000,0x00000000c868bd80,0x00000000ca380000)
 Metaspace       used 87562K, capacity 96332K, committed 96532K, reserved 1132544K
  class space    used 11126K, capacity 13079K, committed 13116K, reserved 1048576K
Event: 14547.871 GC heap after
Heap after GC invocations=43 (full 3):
 PSYoungGen      total 234496K, used 7325K [0x00000000eab00000, 0x00000000fb780000, 0x0000000100000000)
  eden space 209408K, 0% used [0x00000000eab00000,0x00000000eab00000,0x00000000f7780000)
  from space 25088K, 29% used [0x00000000f9f00000,0x00000000fa627708,0x00000000fb780000)
  to   space 32768K, 0% used [0x00000000f7780000,0x00000000f7780000,0x00000000f9780000)
 ParOldGen       total 167424K, used 137783K [0x00000000c0000000, 0x00000000ca380000, 0x00000000eab00000)
  object space 167424K, 82% used [0x00000000c0000000,0x00000000c868dd80,0x00000000ca380000)
 Metaspace       used 87562K, capacity 96332K, committed 96532K, reserved 1132544K
  class space    used 11126K, capacity 13079K, committed 13116K, reserved 1048576K
}

Deoptimization events (10 events):
Event: 12985.695 Thread 0x000000002333e800 Uncommon trap: reason=class_check action=maybe_recompile pc=0x0000000006931dd0 method=com.sun.tools.javac.code.Types$14.visitClassType(Lcom/sun/tools/javac/code/Type$ClassType;Lcom/sun/tools/javac/code/Symbol;)Lcom/sun/tools/javac/code/Type; @ 97
Event: 12985.695 Thread 0x000000002333e800 Uncommon trap: reason=class_check action=maybe_recompile pc=0x0000000006931dd0 method=com.sun.tools.javac.code.Types$14.visitClassType(Lcom/sun/tools/javac/code/Type$ClassType;Lcom/sun/tools/javac/code/Symbol;)Lcom/sun/tools/javac/code/Type; @ 97
Event: 13083.336 Thread 0x0000000019c98800 Uncommon trap: reason=bimorphic action=maybe_recompile pc=0x00000000063c173c method=com.sun.tools.javac.code.Type.isCompound()Z @ 14
Event: 13083.338 Thread 0x0000000019c98800 Uncommon trap: reason=class_check action=maybe_recompile pc=0x0000000005661bb8 method=com.sun.tools.javac.comp.Attr.check(Lcom/sun/tools/javac/tree/JCTree;Lcom/sun/tools/javac/code/Type;ILcom/sun/tools/javac/comp/Attr$ResultInfo;)Lcom/sun/tools/javac/code
Event: 13083.354 Thread 0x0000000019c98800 Uncommon trap: reason=class_check action=maybe_recompile pc=0x0000000006931dd0 method=com.sun.tools.javac.code.Types$14.visitClassType(Lcom/sun/tools/javac/code/Type$ClassType;Lcom/sun/tools/javac/code/Symbol;)Lcom/sun/tools/javac/code/Type; @ 97
Event: 13083.354 Thread 0x0000000019c98800 Uncommon trap: reason=class_check action=maybe_recompile pc=0x0000000006931dd0 method=com.sun.tools.javac.code.Types$14.visitClassType(Lcom/sun/tools/javac/code/Type$ClassType;Lcom/sun/tools/javac/code/Symbol;)Lcom/sun/tools/javac/code/Type; @ 97
Event: 13443.432 Thread 0x0000000019c9c000 Uncommon trap: reason=bimorphic action=maybe_recompile pc=0x00000000063c173c method=com.sun.tools.javac.code.Type.isCompound()Z @ 14
Event: 13443.433 Thread 0x0000000019c9c000 Uncommon trap: reason=class_check action=maybe_recompile pc=0x0000000005661bb8 method=com.sun.tools.javac.comp.Attr.check(Lcom/sun/tools/javac/tree/JCTree;Lcom/sun/tools/javac/code/Type;ILcom/sun/tools/javac/comp/Attr$ResultInfo;)Lcom/sun/tools/javac/code
Event: 14478.556 Thread 0x000000001cff5000 Uncommon trap: reason=unstable_if action=reinterpret pc=0x00000000065ce39c method=java.util.concurrent.ForkJoinPool.scan(Ljava/util/concurrent/ForkJoinPool$WorkQueue;I)Ljava/util/concurrent/ForkJoinTask; @ 121
Event: 15023.809 Thread 0x0000000019c9c000 Uncommon trap: reason=predicate action=maybe_recompile pc=0x00000000075cbf50 method=com.google.common.collect.ImmutableSortedMap.fromEntries(Ljava/util/Comparator;ZI[Ljava/util/Map$Entry;)Lcom/google/common/collect/ImmutableSortedMap; @ 9

Classes redefined (0 events):
No events

Internal exceptions (10 events):
Event: 15023.279 Thread 0x0000000023344800 Exception <a 'sun/nio/fs/WindowsException'> (0x00000000f2ad9878) thrown at [D:\src\AOSP-openjdk-cygwin\jdk8u\hotspot\src\share\vm\prims\jni.cpp, line 709]
Event: 15023.279 Thread 0x0000000023344800 Exception <a 'sun/nio/fs/WindowsException'> (0x00000000f2ada470) thrown at [D:\src\AOSP-openjdk-cygwin\jdk8u\hotspot\src\share\vm\prims\jni.cpp, line 709]
Event: 15023.279 Thread 0x0000000023344800 Exception <a 'sun/nio/fs/WindowsException'> (0x00000000f2add068) thrown at [D:\src\AOSP-openjdk-cygwin\jdk8u\hotspot\src\share\vm\prims\jni.cpp, line 709]
Event: 15023.280 Thread 0x0000000023344800 Exception <a 'sun/nio/fs/WindowsException'> (0x00000000f2addb38) thrown at [D:\src\AOSP-openjdk-cygwin\jdk8u\hotspot\src\share\vm\prims\jni.cpp, line 709]
Event: 15023.280 Thread 0x0000000023344800 Exception <a 'sun/nio/fs/WindowsException'> (0x00000000f2adf638) thrown at [D:\src\AOSP-openjdk-cygwin\jdk8u\hotspot\src\share\vm\prims\jni.cpp, line 709]
Event: 15023.280 Thread 0x0000000023344800 Exception <a 'sun/nio/fs/WindowsException'> (0x00000000f2ae0148) thrown at [D:\src\AOSP-openjdk-cygwin\jdk8u\hotspot\src\share\vm\prims\jni.cpp, line 709]
Event: 15023.282 Thread 0x0000000023344800 Exception <a 'sun/nio/fs/WindowsException'> (0x00000000f2ae2880) thrown at [D:\src\AOSP-openjdk-cygwin\jdk8u\hotspot\src\share\vm\prims\jni.cpp, line 709]
Event: 15023.283 Thread 0x0000000023344800 Exception <a 'sun/nio/fs/WindowsException'> (0x00000000f2ae33c8) thrown at [D:\src\AOSP-openjdk-cygwin\jdk8u\hotspot\src\share\vm\prims\jni.cpp, line 709]
Event: 15023.284 Thread 0x0000000023344800 Exception <a 'sun/nio/fs/WindowsException'> (0x00000000f2ae4f40) thrown at [D:\src\AOSP-openjdk-cygwin\jdk8u\hotspot\src\share\vm\prims\jni.cpp, line 709]
Event: 15023.285 Thread 0x0000000023344800 Exception <a 'sun/nio/fs/WindowsException'> (0x00000000f2ae5ac8) thrown at [D:\src\AOSP-openjdk-cygwin\jdk8u\hotspot\src\share\vm\prims\jni.cpp, line 709]

Events (10 events):
Event: 15024.529 Thread 0x0000000018cb9000 Thread added: 0x0000000018cb9000
Event: 15024.539 Thread 0x0000000018cb8000 Thread added: 0x0000000018cb8000
Event: 15024.539 Thread 0x0000000018cb3800 Thread added: 0x0000000018cb3800
Event: 15024.545 Thread 0x0000000018cb5000 Thread added: 0x0000000018cb5000
Event: 15024.545 Thread 0x0000000018cb6000 Thread added: 0x0000000018cb6000
Event: 15024.554 Thread 0x0000000018cb2000 Thread added: 0x0000000018cb2000
Event: 15024.554 Thread 0x0000000018cb6800 Thread added: 0x0000000018cb6800
Event: 15024.560 Thread 0x0000000018cb7800 Thread added: 0x0000000018cb7800
Event: 15024.560 Thread 0x0000000018cb9800 Thread added: 0x0000000018cb9800
Event: 15024.795 Thread 0x0000000018cb3000 Thread added: 0x0000000018cb3000


Dynamic libraries:
0x00007ff7e4240000 - 0x00007ff7e4271000 	C:\Program Files\Android\Android Studio\jre\bin\java.exe
0x00007ffb1a760000 - 0x00007ffb1a941000 	C:\Windows\SYSTEM32\ntdll.dll
0x00007ffb186f0000 - 0x00007ffb187a2000 	C:\Windows\System32\KERNEL32.DLL
0x00007ffb17690000 - 0x00007ffb17903000 	C:\Windows\System32\KERNELBASE.dll
0x00007ffb1a460000 - 0x00007ffb1a501000 	C:\Windows\System32\ADVAPI32.dll
0x00007ffb17f50000 - 0x00007ffb17fee000 	C:\Windows\System32\msvcrt.dll
0x00007ffb1a660000 - 0x00007ffb1a6bb000 	C:\Windows\System32\sechost.dll
0x00007ffb187b0000 - 0x00007ffb188d4000 	C:\Windows\System32\RPCRT4.dll
0x00007ffb17c50000 - 0x00007ffb17de0000 	C:\Windows\System32\USER32.dll
0x00007ffb17670000 - 0x00007ffb17690000 	C:\Windows\System32\win32u.dll
0x00007ffb1a5d0000 - 0x00007ffb1a5f8000 	C:\Windows\System32\GDI32.dll
0x00007ffb16dc0000 - 0x00007ffb16f52000 	C:\Windows\System32\gdi32full.dll
0x00007ffb17910000 - 0x00007ffb179af000 	C:\Windows\System32\msvcp_win.dll
0x00007ffb16c10000 - 0x00007ffb16d0a000 	C:\Windows\System32\ucrtbase.dll
0x00007ffb08830000 - 0x00007ffb08a99000 	C:\Windows\WinSxS\amd64_microsoft.windows.common-controls_6595b64144ccf1df_6.0.17134.472_none_fb3f9af53068156d\COMCTL32.dll
0x00007ffb17ff0000 - 0x00007ffb18312000 	C:\Windows\System32\combase.dll
0x00007ffb16b30000 - 0x00007ffb16baa000 	C:\Windows\System32\bcryptPrimitives.dll
0x00007ffb17c10000 - 0x00007ffb17c3d000 	C:\Windows\System32\IMM32.DLL
0x0000000051b00000 - 0x0000000051bd2000 	C:\Program Files\Android\Android Studio\jre\jre\bin\msvcr100.dll
0x0000000051be0000 - 0x000000005241e000 	C:\Program Files\Android\Android Studio\jre\jre\bin\server\jvm.dll
0x00007ffb17de0000 - 0x00007ffb17de8000 	C:\Windows\System32\PSAPI.DLL
0x00007ffb12970000 - 0x00007ffb12979000 	C:\Windows\SYSTEM32\WSOCK32.dll
0x00007ffb0f3f0000 - 0x00007ffb0f3fa000 	C:\Windows\SYSTEM32\VERSION.dll
0x00007ffb147a0000 - 0x00007ffb147c3000 	C:\Windows\SYSTEM32\WINMM.dll
0x00007ffb1a6c0000 - 0x00007ffb1a72c000 	C:\Windows\System32\WS2_32.dll
0x00007ffb14770000 - 0x00007ffb1479a000 	C:\Windows\SYSTEM32\WINMMBASE.dll
0x00007ffb17ba0000 - 0x00007ffb17be9000 	C:\Windows\System32\cfgmgr32.dll
0x00007ffb12960000 - 0x00007ffb1296f000 	C:\Program Files\Android\Android Studio\jre\jre\bin\verify.dll
0x00007ffb11fc0000 - 0x00007ffb11fe9000 	C:\Program Files\Android\Android Studio\jre\jre\bin\java.dll
0x00007ffb12940000 - 0x00007ffb12956000 	C:\Program Files\Android\Android Studio\jre\jre\bin\zip.dll
0x00007ffb18d30000 - 0x00007ffb1a170000 	C:\Windows\System32\SHELL32.dll
0x00007ffb17ea0000 - 0x00007ffb17f49000 	C:\Windows\System32\shcore.dll
0x00007ffb16f60000 - 0x00007ffb1766d000 	C:\Windows\System32\windows.storage.dll
0x00007ffb1a570000 - 0x00007ffb1a5c1000 	C:\Windows\System32\shlwapi.dll
0x00007ffb16af0000 - 0x00007ffb16b01000 	C:\Windows\System32\kernel.appcore.dll
0x00007ffb16a70000 - 0x00007ffb16a8f000 	C:\Windows\System32\profapi.dll
0x00007ffb16aa0000 - 0x00007ffb16aec000 	C:\Windows\System32\powrprof.dll
0x00007ffb16a90000 - 0x00007ffb16a9a000 	C:\Windows\System32\FLTLIB.DLL
0x00007ffb114d0000 - 0x00007ffb114ea000 	C:\Program Files\Android\Android Studio\jre\jre\bin\net.dll
0x00007ffb162f0000 - 0x00007ffb16356000 	C:\Windows\system32\mswsock.dll
0x00007ffb11220000 - 0x00007ffb11231000 	C:\Program Files\Android\Android Studio\jre\jre\bin\nio.dll
0x00007ffaf76a0000 - 0x00007ffaf76be000 	C:\Users\LHT\.gradle\native\25\windows-amd64\native-platform.dll
0x00007ffb12000000 - 0x00007ffb1200d000 	C:\Program Files\Android\Android Studio\jre\jre\bin\management.dll
0x00007ffb164a0000 - 0x00007ffb164b7000 	C:\Windows\SYSTEM32\CRYPTSP.dll
0x00007ffb15ed0000 - 0x00007ffb15f03000 	C:\Windows\system32\rsaenh.dll
0x00007ffb165d0000 - 0x00007ffb165f5000 	C:\Windows\SYSTEM32\bcrypt.dll
0x00007ffb16970000 - 0x00007ffb16998000 	C:\Windows\SYSTEM32\USERENV.dll
0x00007ffb164c0000 - 0x00007ffb164cb000 	C:\Windows\SYSTEM32\CRYPTBASE.dll
0x00007ffb16070000 - 0x00007ffb160a8000 	C:\Windows\SYSTEM32\IPHLPAPI.DLL
0x00007ffb17c40000 - 0x00007ffb17c48000 	C:\Windows\System32\NSI.dll
0x00007ffb10020000 - 0x00007ffb10036000 	C:\Windows\SYSTEM32\dhcpcsvc6.DLL
0x00007ffb100d0000 - 0x00007ffb100ea000 	C:\Windows\SYSTEM32\dhcpcsvc.DLL
0x00007ffae2fb0000 - 0x00007ffae3145000 	C:\Program Files\Android\Android Studio\jre\jre\bin\awt.dll
0x00007ffb1a170000 - 0x00007ffb1a232000 	C:\Windows\System32\OLEAUT32.dll
0x00007ffb14000000 - 0x00007ffb145c7000 	C:\Windows\SYSTEM32\d2d1.dll
0x00007ffb14dd0000 - 0x00007ffb14e5b000 	C:\Windows\SYSTEM32\apphelp.dll
0x00007ffb151e0000 - 0x00007ffb15209000 	C:\Windows\system32\DWMAPI.DLL
0x00007ffb14f90000 - 0x00007ffb15028000 	C:\Windows\system32\uxtheme.dll
0x00007ffb15b60000 - 0x00007ffb15b91000 	C:\Windows\SYSTEM32\ntmarta.dll

VM Arguments:
jvm_args: -Xmx1024m -Dfile.encoding=GBK -Duser.country=CN -Duser.language=zh -Duser.variant 
java_command: org.gradle.launcher.daemon.bootstrap.GradleDaemon 4.1
java_class_path (initial): C:\Users\LHT\.gradle\wrapper\dists\gradle-4.1-all\bzyivzo6n839fup2jbap0tjew\gradle-4.1\lib\gradle-launcher-4.1.jar
Launcher Type: SUN_STANDARD

Environment Variables:
JAVA_HOME=C:\Program Files\Java\jdk1.8.0_161
CLASSPATH=.;C:\Program Files\Java\jdk1.8.0_161\lib\dt.jar;C:\Program Files\Java\jdk1.8.0_161\lib\tools.jar
PATH=C:\Program Files (x86)\Common Files\Oracle\Java\javapath;C:\ProgramData\Oracle\Java\javapath;C:\Windows\system32;C:\Windows;C:\Windows\System32\Wbem;C:\Windows\System32\WindowsPowerShell\v1.0\;C:\Windows\System32\OpenSSH\;C:\Program Files\Microsoft SQL Server\Client SDK\ODBC\130\Tools\Binn\;C:\Program Files (x86)\Microsoft SQL Server\140\Tools\Binn\;C:\Program Files\Microsoft SQL Server\140\Tools\Binn\;C:\Program Files\Microsoft SQL Server\140\DTS\Binn\;C:\Program Files (x86)\Microsoft SQL Server\Client SDK\ODBC\130\Tools\Binn\;C:\Program Files (x86)\Microsoft SQL Server\140\DTS\Binn\;C:\Program Files (x86)\Microsoft SQL Server\140\Tools\Binn\ManagementStudio\;E:\AndroidSDK\platform-tools;C:\Program Files\Git\cmd;C:\Program Files (x86)\MySQL\MySQL Fabric 1.5.2 & MySQL Utilities 1.5.2 1.5\;C:\Program Files (x86)\MySQL\MySQL Fabric 1.5.2 & MySQL Utilities 1.5.2 1.5\Doctrine extensions for PHP\;C:\Users\LHT\AppData\Local\Programs\Python\Python37\Scripts\;C:\Users\LHT\AppData\Local\Programs\Python\Python37\;C:\Users\LHT\AppData\Local\Microsoft\WindowsApps;C:\Program Files\Java\jdk1.8.0_161\bin;C:\Program Files\Java\jdk1.8.0_161\jre\bin;E:\AndroidSDK\platform-tools\AdbWinUsbApi.dll
USERNAME=LHT
OS=Windows_NT
PROCESSOR_IDENTIFIER=Intel64 Family 6 Model 94 Stepping 3, GenuineIntel



---------------  S Y S T E M  ---------------

OS: Windows 10.0 , 64 bit Build 17134 (10.0.17134.1)

CPU:total 8 (initial active 8) (4 cores per cpu, 2 threads per core) family 6 model 94 stepping 3, cmov, cx8, fxsr, mmx, sse, sse2, sse3, ssse3, sse4.1, sse4.2, popcnt, avx, avx2, aes, clmul, erms, rtm, 3dnowpref, lzcnt, ht, tsc, tscinvbit, bmi1, bmi2, adx

Memory: 4k page, physical 8299300k(922324k free), swap 22872992k(7392k free)

vm_info: OpenJDK 64-Bit Server VM (25.152-b01) for windows-amd64 JRE (1.8.0_152-release-915-b01), built by "builder" with MS VC++ 10.0 (VS2010)

time: Sun Dec 30 16:00:29 2018
elapsed time: 15024 seconds (0d 4h 10m 24s)

